Assembler report for ht1080z
Fri Mar 03 15:07:28 2023
Quartus II 64-Bit Version 15.0.0 Build 145 04/22/2015 SJ Web Edition


---------------------
; Table of Contents ;
---------------------
  1. Legal Notice
  2. Assembler Summary
  3. Assembler Settings
  4. Assembler Generated Files
  5. Assembler Device Options: C:/ht1080z-master/output_files/ht1080z.sof
  6. Assembler Device Options: C:/ht1080z-master/output_files/ht1080z.rbf
  7. Assembler Messages



----------------
; Legal Notice ;
----------------
Copyright (C) 1991-2015 Altera Corporation. All rights reserved.
Your use of Altera Corporation's design tools, logic functions 
and other software and tools, and its AMPP partner logic 
functions, and any output files from any of the foregoing 
(including device programming or simulation files), and any 
associated documentation or information are expressly subject 
to the terms and conditions of the Altera Program License 
Subscription Agreement, the Altera Quartus II License Agreement,
the Altera MegaCore Function License Agreement, or other 
applicable license agreement, including, without limitation, 
that your use is for the sole purpose of programming logic 
devices manufactured by Altera and sold by Altera or its 
authorized distributors.  Please refer to the applicable 
agreement for further details.



+---------------------------------------------------------------+
; Assembler Summary                                             ;
+-----------------------+---------------------------------------+
; Assembler Status      ; Successful - Fri Mar 03 15:07:28 2023 ;
; Revision Name         ; ht1080z                               ;
; Top-level Entity Name ; ht1080z                               ;
; Family                ; Cyclone IV E                          ;
; Device                ; EP4CE22F17C8                          ;
+-----------------------+---------------------------------------+


+----------------------------------+
; Assembler Settings               ;
+--------+---------+---------------+
; Option ; Setting ; Default Value ;
+--------+---------+---------------+


+--------------------------------------------+
; Assembler Generated Files                  ;
+--------------------------------------------+
; File Name                                  ;
+--------------------------------------------+
; C:/ht1080z-master/output_files/ht1080z.sof ;
; C:/ht1080z-master/output_files/ht1080z.rbf ;
+--------------------------------------------+


+----------------------------------------------------------------------+
; Assembler Device Options: C:/ht1080z-master/output_files/ht1080z.sof ;
+----------------+-----------------------------------------------------+
; Option         ; Setting                                             ;
+----------------+-----------------------------------------------------+
; Device         ; EP4CE22F17C8                                        ;
; JTAG usercode  ; 0x00425ED0                                          ;
; Checksum       ; 0x00425ED0                                          ;
+----------------+-----------------------------------------------------+


+----------------------------------------------------------------------+
; Assembler Device Options: C:/ht1080z-master/output_files/ht1080z.rbf ;
+---------------------+------------------------------------------------+
; Option              ; Setting                                        ;
+---------------------+------------------------------------------------+
; Raw Binary File     ;                                                ;
;  Compression Ratio  ; 2                                              ;
+---------------------+------------------------------------------------+


+--------------------+
; Assembler Messages ;
+--------------------+
Info: *******************************************************************
Info: Running Quartus II 64-Bit Assembler
    Info: Version 15.0.0 Build 145 04/22/2015 SJ Web Edition
    Info: Processing started: Fri Mar 03 15:07:27 2023
Info: Command: quartus_asm --read_settings_files=off --write_settings_files=off ht1080z -c ht1080z
Warning (125096): Overriding device family setting Cyclone IV -- part EP4CE22F17C8 belongs to device family Cyclone IV E
    Info (125063): set_global_assignment -name FAMILY "Cyclone IV"
Info (115031): Writing out detailed assembly data for power analysis
Info (115030): Assembler is generating device programming files
Info: Quartus II 64-Bit Assembler was successful. 0 errors, 1 warning
    Info: Peak virtual memory: 4772 megabytes
    Info: Processing ended: Fri Mar 03 15:07:28 2023
    Info: Elapsed time: 00:00:01
    Info: Total CPU time (on all processors): 00:00:01


